{
  "stats": {
    "suites": 1,
    "tests": 1,
    "passes": 1,
    "pending": 0,
    "failures": 0,
    "start": "2021-12-19T15:32:15.533Z",
    "end": "2021-12-19T15:32:18.853Z",
    "duration": 3320,
    "testsRegistered": 1,
    "passPercent": 100,
    "pendingPercent": 0,
    "other": 0,
    "hasOther": false,
    "skipped": 0,
    "hasSkipped": false
  },
  "results": [
    {
      "uuid": "c1ffc214-ab41-4a8a-be58-13a4aa9e1204",
      "title": "",
      "fullFile": "",
      "file": "",
      "beforeHooks": [],
      "afterHooks": [],
      "tests": [],
      "suites": [
        {
          "uuid": "7b18ea8b-4ca8-4412-b965-2682242b77f1",
          "title": "Form Page",
          "fullFile": "C:\\Users\\mneha\\Documents\\SystemLtd-Form\\SystemLtd-Form\\test\\app.test.js",
          "file": "\\test\\app.test.js",
          "beforeHooks": [
            {
              "title": "\"before all\" hook in \"Form Page\"",
              "fullTitle": "Form Page \"before all\" hook in \"Form Page\"",
              "timedOut": false,
              "duration": 0,
              "state": null,
              "speed": null,
              "pass": false,
              "fail": false,
              "pending": false,
              "context": null,
              "code": "driver.get(\"http://localhost:80\");\n// driver.get(\"https://devsecopsnodejs.azurewebsites.net/\");",
              "err": {},
              "uuid": "4409e551-281d-474b-b0e6-510bee17014c",
              "parentUUID": "7b18ea8b-4ca8-4412-b965-2682242b77f1",
              "isHook": true,
              "skipped": false
            }
          ],
          "afterHooks": [
            {
              "title": "\"after all\" hook in \"Form Page\"",
              "fullTitle": "Form Page \"after all\" hook in \"Form Page\"",
              "timedOut": false,
              "duration": 0,
              "state": null,
              "speed": null,
              "pass": false,
              "fail": false,
              "pending": false,
              "context": null,
              "code": "driver.quit();",
              "err": {},
              "uuid": "5543648b-6764-4f70-b7c0-d2f18d9b6862",
              "parentUUID": "7b18ea8b-4ca8-4412-b965-2682242b77f1",
              "isHook": true,
              "skipped": false
            }
          ],
          "tests": [
            {
              "title": "Form Submit",
              "fullTitle": "Form Page Form Submit",
              "timedOut": false,
              "duration": 3306,
              "state": "passed",
              "speed": "slow",
              "pass": true,
              "fail": false,
              "pending": false,
              "context": null,
              "code": "driver.findElement(webdriver.By.xpath('/html/body/div/div/div[1]/form/div[1]/div/input')).sendKeys(\"SystemLtd\");\ndriver.findElement(webdriver.By.xpath('/html/body/div/div/div[1]/form/div[2]/div/input')).sendKeys(\"IT@systemltd.com\");\ndriver.findElement(webdriver.By.xpath('/html/body/div/div/div[1]/form/div[3]/div/textarea')).sendKeys(\"System Limited\");\n\nawait driver.findElement(webdriver.By.xpath('/html/body/div/div/div[1]/form/div[4]/input')).click();\n\nvar message= await driver.findElement(webdriver.By.xpath('/html/body/div/div/div[1]/form/div[1]/span'));\nassert.equal(await message.getText(),\"Form Submitted\");\nawait driver.findElement(webdriver.By.xpath('/html/body/div/div/div[1]/form/div[1]/button')).click();",
              "err": {},
              "uuid": "27d0deec-57d2-41fa-b488-4257ebf805ab",
              "parentUUID": "7b18ea8b-4ca8-4412-b965-2682242b77f1",
              "isHook": false,
              "skipped": false
            }
          ],
          "suites": [],
          "passes": [
            "27d0deec-57d2-41fa-b488-4257ebf805ab"
          ],
          "failures": [],
          "pending": [],
          "skipped": [],
          "duration": 3306,
          "root": false,
          "rootEmpty": false,
          "_timeout": 0
        }
      ],
      "passes": [],
      "failures": [],
      "pending": [],
      "skipped": [],
      "duration": 0,
      "root": true,
      "rootEmpty": true,
      "_timeout": 0
    }
  ],
  "meta": {
    "mocha": {
      "version": "9.1.3"
    },
    "mochawesome": {
      "options": {
        "quiet": false,
        "reportFilename": "SeliniumTestReport",
        "saveHtml": true,
        "saveJson": true,
        "consoleReporter": "spec",
        "useInlineDiffs": false,
        "code": true
      },
      "version": "7.0.1"
    },
    "marge": {
      "options": {
        "reportFilename": "SeliniumTestReport"
      },
      "version": "6.0.1"
    }
  }
}