{
  "stats": {
    "suites": 1,
    "tests": 1,
    "passes": 1,
    "pending": 0,
    "failures": 0,
    "start": "2021-12-19T15:32:08.875Z",
    "end": "2021-12-19T15:32:08.880Z",
    "duration": 5,
    "testsRegistered": 1,
    "passPercent": 100,
    "pendingPercent": 0,
    "other": 0,
    "hasOther": false,
    "skipped": 0,
    "hasSkipped": false
  },
  "results": [
    {
      "uuid": "be84e91d-d7c2-4012-ab94-21fa034686c8",
      "title": "",
      "fullFile": "",
      "file": "",
      "beforeHooks": [],
      "afterHooks": [],
      "tests": [],
      "suites": [
        {
          "uuid": "645176a0-8921-4c30-ae1b-a89fbb5fefed",
          "title": "Unit Testing",
          "fullFile": "C:\\Users\\mneha\\Documents\\SystemLtd-Form\\SystemLtd-Form\\test\\unit.js",
          "file": "\\test\\unit.js",
          "beforeHooks": [],
          "afterHooks": [],
          "tests": [
            {
              "title": "Check Validate Email",
              "fullTitle": "Unit Testing Check Validate Email",
              "timedOut": false,
              "duration": 1,
              "state": "passed",
              "speed": "fast",
              "pass": true,
              "fail": false,
              "pending": false,
              "context": null,
              "code": "assert.equal(EmailValidation(\"DevOps@systemltd.com\"),true);\nassert.equal(EmailValidation(\"IT@systemltd.com\"),true);\n// assert.equal(EmailValidation(\"systemltd.com\"),true);",
              "err": {},
              "uuid": "c98921e9-e38c-4b05-af69-1b64464c0877",
              "parentUUID": "645176a0-8921-4c30-ae1b-a89fbb5fefed",
              "isHook": false,
              "skipped": false
            }
          ],
          "suites": [],
          "passes": [
            "c98921e9-e38c-4b05-af69-1b64464c0877"
          ],
          "failures": [],
          "pending": [],
          "skipped": [],
          "duration": 1,
          "root": false,
          "rootEmpty": false,
          "_timeout": 10000
        }
      ],
      "passes": [],
      "failures": [],
      "pending": [],
      "skipped": [],
      "duration": 0,
      "root": true,
      "rootEmpty": true,
      "_timeout": 10000
    }
  ],
  "meta": {
    "mocha": {
      "version": "9.1.3"
    },
    "mochawesome": {
      "options": {
        "quiet": false,
        "reportFilename": "UnitTestReport",
        "saveHtml": true,
        "saveJson": true,
        "consoleReporter": "spec",
        "useInlineDiffs": false,
        "code": true
      },
      "version": "7.0.1"
    },
    "marge": {
      "options": {
        "reportFilename": "UnitTestReport"
      },
      "version": "6.0.1"
    }
  }
}