{
  "stats": {
    "suites": 1,
    "tests": 1,
    "passes": 0,
    "pending": 0,
    "failures": 1,
    "start": "2021-12-19T14:57:50.527Z",
    "end": "2021-12-19T14:57:50.534Z",
    "duration": 7,
    "testsRegistered": 1,
    "passPercent": 0,
    "pendingPercent": 0,
    "other": 0,
    "hasOther": false,
    "skipped": 0,
    "hasSkipped": false
  },
  "results": [
    {
      "uuid": "37135e8f-088d-4382-82bf-2cf1df6c687b",
      "title": "",
      "fullFile": "",
      "file": "",
      "beforeHooks": [],
      "afterHooks": [],
      "tests": [],
      "suites": [
        {
          "uuid": "7185b185-ce06-4dcb-b9ac-f89517a843c1",
          "title": "Unit Testing",
          "fullFile": "C:\\Users\\mneha\\Documents\\SystemLtd-Form\\SystemLtd-Form\\test\\unit.js",
          "file": "\\test\\unit.js",
          "beforeHooks": [],
          "afterHooks": [],
          "tests": [
            {
              "title": "Check Validate Email",
              "fullTitle": "Unit Testing Check Validate Email",
              "timedOut": false,
              "duration": 2,
              "state": "failed",
              "speed": null,
              "pass": false,
              "fail": true,
              "pending": false,
              "context": null,
              "code": "assert.equal(EmailValidation(\"DevOps@systemltd.com\"),true);\nassert.equal(EmailValidation(\"IT@systemltd.com\"),true);\nassert.equal(EmailValidation(\"systemltd.com\"),true);",
              "err": {
                "message": "AssertionError: expected false to equal true",
                "estack": "AssertionError: expected false to equal true\n    at Context.<anonymous> (test\\unit.js:8:14)\n    at processImmediate (internal/timers.js:461:21)",
                "diff": "- false\n+ true\n"
              },
              "uuid": "2ecc8e78-5dab-4073-8b15-1b2be50247c4",
              "parentUUID": "7185b185-ce06-4dcb-b9ac-f89517a843c1",
              "isHook": false,
              "skipped": false
            }
          ],
          "suites": [],
          "passes": [],
          "failures": [
            "2ecc8e78-5dab-4073-8b15-1b2be50247c4"
          ],
          "pending": [],
          "skipped": [],
          "duration": 2,
          "root": false,
          "rootEmpty": false,
          "_timeout": 10000
        }
      ],
      "passes": [],
      "failures": [],
      "pending": [],
      "skipped": [],
      "duration": 0,
      "root": true,
      "rootEmpty": true,
      "_timeout": 10000
    }
  ],
  "meta": {
    "mocha": {
      "version": "9.1.3"
    },
    "mochawesome": {
      "options": {
        "quiet": false,
        "reportFilename": "UnitTestReport",
        "saveHtml": true,
        "saveJson": true,
        "consoleReporter": "spec",
        "useInlineDiffs": false,
        "code": true
      },
      "version": "7.0.1"
    },
    "marge": {
      "options": {
        "reportFilename": "UnitTestReport"
      },
      "version": "6.0.1"
    }
  }
}